[debug] [2018-07-19T19:22:19.786Z] ----------------------------------------------------------------------
[debug] [2018-07-19T19:22:19.788Z] Command:       /Users/speedstars/.nvm/versions/node/v7.9.0/bin/node /Users/speedstars/.nvm/versions/node/v7.9.0/bin/firebase deploy
[debug] [2018-07-19T19:22:19.789Z] CLI Version:   3.17.6
[debug] [2018-07-19T19:22:19.789Z] Platform:      darwin
[debug] [2018-07-19T19:22:19.789Z] Node Version:  v7.9.0
[debug] [2018-07-19T19:22:19.790Z] Time:          Fri Jul 20 2018 02:22:19 GMT+0700 (+07)
[debug] [2018-07-19T19:22:19.790Z] ----------------------------------------------------------------------
[debug] 
[debug] [2018-07-19T19:22:19.806Z] > command requires scopes: ["email","openid","https://www.googleapis.com/auth/cloudplatformprojects.readonly","https://www.googleapis.com/auth/firebase","https://www.googleapis.com/auth/cloud-platform"]
[debug] [2018-07-19T19:22:19.807Z] > authorizing via signed-in user
[debug] [2018-07-19T19:22:19.809Z] >>> HTTP REQUEST GET https://admin.firebase.com/v1/projects/chanto-web  
  
 Fri Jul 20 2018 02:22:19 GMT+0700 (+07)
[debug] [2018-07-19T19:22:20.885Z] <<< HTTP RESPONSE 200
[debug] [2018-07-19T19:22:20.887Z] >>> HTTP REQUEST GET https://admin.firebase.com/v1/database/chanto-web/tokens  
  
 Fri Jul 20 2018 02:22:20 GMT+0700 (+07)
[debug] [2018-07-19T19:22:21.932Z] <<< HTTP RESPONSE 200
[info] 
[info] === Deploying to 'chanto-web'...
[info] 
[info] i  deploying hosting
[info] i  hosting: preparing public directory for upload...
[debug] [2018-07-19T19:22:23.704Z] >>> HTTP REQUEST PUT https://deploy.firebase.com/v1/hosting/chanto-web/uploads/-LHnzZLlXMrrR5U2ERqm?fileCount=95&message=  
  
 Fri Jul 20 2018 02:22:23 GMT+0700 (+07)
